2024-09-07 12:51:24.781 [info] Log level: Info
2024-09-07 12:51:24.781 [info] Validating found git in: "git"
2024-09-07 12:51:24.781 [info] Using git "2.34.1" from "git"
2024-09-07 12:51:24.781 [info] > git rev-parse --show-toplevel [6ms]
2024-09-07 12:51:24.781 [info] fatal: not a git repository (or any parent up to mount point /)
Stopping at filesystem boundary (GIT_DISCOVERY_ACROSS_FILESYSTEM not set).
2024-09-07 12:51:24.781 [info] > git rev-parse --show-toplevel [2ms]
2024-09-07 12:51:24.781 [info] fatal: not a git repository (or any parent up to mount point /)
Stopping at filesystem boundary (GIT_DISCOVERY_ACROSS_FILESYSTEM not set).
2024-09-07 12:51:24.781 [info] > git rev-parse --show-toplevel [2ms]
2024-09-07 12:51:24.781 [info] fatal: not a git repository (or any parent up to mount point /)
Stopping at filesystem boundary (GIT_DISCOVERY_ACROSS_FILESYSTEM not set).
2024-09-07 12:51:24.781 [info] > git rev-parse --show-toplevel [3ms]
2024-09-07 12:51:24.781 [info] fatal: not a git repository (or any parent up to mount point /)
Stopping at filesystem boundary (GIT_DISCOVERY_ACROSS_FILESYSTEM not set).
2024-09-07 12:51:24.781 [info] > git rev-parse --show-toplevel [2ms]
2024-09-07 12:51:24.781 [info] fatal: not a git repository (or any parent up to mount point /)
Stopping at filesystem boundary (GIT_DISCOVERY_ACROSS_FILESYSTEM not set).
2024-09-07 12:51:24.781 [info] > git rev-parse --show-toplevel [2ms]
2024-09-07 12:51:24.781 [info] fatal: not a git repository (or any parent up to mount point /)
Stopping at filesystem boundary (GIT_DISCOVERY_ACROSS_FILESYSTEM not set).
2024-09-07 12:51:30.388 [info] > git rev-parse --show-toplevel [7ms]
2024-09-07 12:51:30.388 [info] fatal: not a git repository (or any parent up to mount point /)
Stopping at filesystem boundary (GIT_DISCOVERY_ACROSS_FILESYSTEM not set).
